about to fork child process, waiting until server is ready for connections.
forked process: 98940
child process started successfully, parent exiting
about to fork child process, waiting until server is ready for connections.
forked process: 99394
child process started successfully, parent exiting
about to fork child process, waiting until server is ready for connections.
forked process: 1207
child process started successfully, parent exiting
about to fork child process, waiting until server is ready for connections.
forked process: 1371
child process started successfully, parent exiting
about to fork child process, waiting until server is ready for connections.
forked process: 2687
child process started successfully, parent exiting
about to fork child process, waiting until server is ready for connections.
forked process: 34813
child process started successfully, parent exiting
about to fork child process, waiting until server is ready for connections.
forked process: 9347
child process started successfully, parent exiting
about to fork child process, waiting until server is ready for connections.
forked process: 18129
child process started successfully, parent exiting
about to fork child process, waiting until server is ready for connections.
forked process: 47025
child process started successfully, parent exiting
about to fork child process, waiting until server is ready for connections.
forked process: 61458
child process started successfully, parent exiting
about to fork child process, waiting until server is ready for connections.
forked process: 66025
child process started successfully, parent exiting
about to fork child process, waiting until server is ready for connections.
forked process: 72181
ERROR: child process failed, exited with 1
To see additional information in this output, start without the "--fork" option.
about to fork child process, waiting until server is ready for connections.
forked process: 72293
ERROR: child process failed, exited with 1
To see additional information in this output, start without the "--fork" option.
about to fork child process, waiting until server is ready for connections.
forked process: 72355
ERROR: child process failed, exited with 1
To see additional information in this output, start without the "--fork" option.
about to fork child process, waiting until server is ready for connections.
forked process: 72767
child process started successfully, parent exiting
about to fork child process, waiting until server is ready for connections.
forked process: 78096
ERROR: child process failed, exited with 1
To see additional information in this output, start without the "--fork" option.
about to fork child process, waiting until server is ready for connections.
forked process: 78180
child process started successfully, parent exiting
