34244:C 19 Mar 2025 23:16:12.918 * oO0OoO0OoO0Oo Redis is starting oO0OoO0OoO0Oo
34244:C 19 Mar 2025 23:16:12.918 * Redis version=7.2.7, bits=64, commit=00000000, modified=0, pid=34244, just started
34244:C 19 Mar 2025 23:16:12.918 # Warning: no config file specified, using the default config. In order to specify a config file use redis-server /path/to/redis.conf
34244:M 19 Mar 2025 23:16:12.919 * monotonic clock: POSIX clock_gettime
34244:M 19 Mar 2025 23:16:12.919 * Running mode=standalone, port=6379.
34244:M 19 Mar 2025 23:16:12.919 # WARNING: The TCP backlog setting of 511 cannot be enforced because kern.ipc.somaxconn is set to the lower value of 128.
34244:M 19 Mar 2025 23:16:12.919 * Server initialized
34244:M 19 Mar 2025 23:16:12.919 * Ready to accept connections tcp
34244:signal-handler (1742497887) Received SIGTERM scheduling shutdown...
34244:M 21 Mar 2025 00:41:27.728 * User requested shutdown...
34244:M 21 Mar 2025 00:41:27.728 * Saving the final RDB snapshot before exiting.
34244:M 21 Mar 2025 00:41:27.740 * DB saved on disk
34244:M 21 Mar 2025 00:41:27.740 # Redis is now ready to exit, bye bye...
81941:C 23 Mar 2025 15:59:32.070 * oO0OoO0OoO0Oo Redis is starting oO0OoO0OoO0Oo
81941:C 23 Mar 2025 15:59:32.070 * Redis version=7.2.7, bits=64, commit=00000000, modified=0, pid=81941, just started
81941:C 23 Mar 2025 15:59:32.070 # Warning: no config file specified, using the default config. In order to specify a config file use redis-server /path/to/redis.conf
81941:M 23 Mar 2025 15:59:32.070 * Increased maximum number of open files to 10032 (it was originally set to 256).
81941:M 23 Mar 2025 15:59:32.070 * monotonic clock: POSIX clock_gettime
81941:M 23 Mar 2025 15:59:32.070 * Running mode=standalone, port=6379.
81941:M 23 Mar 2025 15:59:32.070 # WARNING: The TCP backlog setting of 511 cannot be enforced because kern.ipc.somaxconn is set to the lower value of 128.
81941:M 23 Mar 2025 15:59:32.070 * Server initialized
81941:M 23 Mar 2025 15:59:32.071 * Loading RDB produced by version 7.2.7
81941:M 23 Mar 2025 15:59:32.071 * RDB age 227885 seconds
81941:M 23 Mar 2025 15:59:32.071 * RDB memory usage when created 1.05 Mb
81941:M 23 Mar 2025 15:59:32.071 * Done loading RDB, keys loaded: 0, keys expired: 0.
81941:M 23 Mar 2025 15:59:32.071 * DB loaded from disk: 0.000 seconds
81941:M 23 Mar 2025 15:59:32.071 * Ready to accept connections tcp
